INFO: Fetching https://www.uscis.gov/green-card/green-card-processes-and-procedures/visa-availability-priority-dates/when-to-file-your-adjustment-of-status-application-for-family-sponsored-or-employment-based-116
INFO: Collected 1/48 from page 116 (Sep 2025)
INFO: Fetching https://www.uscis.gov/green-card/green-card-processes-and-procedures/visa-availability-priority-dates/when-to-file-your-adjustment-of-status-application-for-family-sponsored-or-employment-based-115
INFO: Collected 2/48 from page 115 (Aug 2025)
INFO: Fetching https://www.uscis.gov/green-card/green-card-processes-and-procedures/visa-availability-priority-dates/when-to-file-your-adjustment-of-status-application-for-family-sponsored-or-employment-based-114
INFO: Collected 3/48 from page 114 (Jul 2025)
INFO: Fetching https://www.uscis.gov/green-card/green-card-processes-and-procedures/visa-availability-priority-dates/when-to-file-your-adjustment-of-status-application-for-family-sponsored-or-employment-based-113
INFO: Collected 4/48 from page 113 (Jun 2025)
INFO: Fetching https://www.uscis.gov/green-card/green-card-processes-and-procedures/visa-availability-priority-dates/when-to-file-your-adjustment-of-status-application-for-family-sponsored-or-employment-based-112
INFO: Collected 5/48 from page 112 (May 2025)
INFO: Fetching https://www.uscis.gov/green-card/green-card-processes-and-procedures/visa-availability-priority-dates/when-to-file-your-adjustment-of-status-application-for-family-sponsored-or-employment-based-111
INFO: Collected 6/48 from page 111 (Apr 2025)
INFO: Fetching https://www.uscis.gov/green-card/green-card-processes-and-procedures/visa-availability-priority-dates/when-to-file-your-adjustment-of-status-application-for-family-sponsored-or-employment-based-110
INFO: Collected 7/48 from page 110 (Mar 2025)
INFO: Fetching https://www.uscis.gov/green-card/green-card-processes-and-procedures/visa-availability-priority-dates/when-to-file-your-adjustment-of-status-application-for-family-sponsored-or-employment-based-109
INFO: Collected 8/48 from page 109 (Feb 2025)
INFO: Fetching https://www.uscis.gov/green-card/green-card-processes-and-procedures/visa-availability-priority-dates/when-to-file-your-adjustment-of-status-application-for-family-sponsored-or-employment-based-108
WARNING: Skipping page 108: Could not locate the Employment-Based final action table.
INFO: Fetching https://www.uscis.gov/green-card/green-card-processes-and-procedures/visa-availability-priority-dates/when-to-file-your-adjustment-of-status-application-for-family-sponsored-or-employment-based-107
WARNING: Skipping page 107: Could not locate the Employment-Based final action table.
INFO: Fetching https://www.uscis.gov/green-card/green-card-processes-and-procedures/visa-availability-priority-dates/when-to-file-your-adjustment-of-status-application-for-family-sponsored-or-employment-based-106
WARNING: Skipping page 106: Could not locate the Employment-Based final action table.
INFO: Fetching https://www.uscis.gov/green-card/green-card-processes-and-procedures/visa-availability-priority-dates/when-to-file-your-adjustment-of-status-application-for-family-sponsored-or-employment-based-105
WARNING: Skipping page 105: Could not locate the Employment-Based final action table.
INFO: Fetching https://www.uscis.gov/green-card/green-card-processes-and-procedures/visa-availability-priority-dates/when-to-file-your-adjustment-of-status-application-for-family-sponsored-or-employment-based-104
INFO: Collected 9/48 from page 104 (Sep 2024)
INFO: Fetching https://www.uscis.gov/green-card/green-card-processes-and-procedures/visa-availability-priority-dates/when-to-file-your-adjustment-of-status-application-for-family-sponsored-or-employment-based-103
INFO: Collected 10/48 from page 103 (Aug 2024)
INFO: Fetching https://www.uscis.gov/green-card/green-card-processes-and-procedures/visa-availability-priority-dates/when-to-file-your-adjustment-of-status-application-for-family-sponsored-or-employment-based-102
INFO: Collected 11/48 from page 102 (Jul 2024)
INFO: Fetching https://www.uscis.gov/green-card/green-card-processes-and-procedures/visa-availability-priority-dates/when-to-file-your-adjustment-of-status-application-for-family-sponsored-or-employment-based-101
INFO: Collected 12/48 from page 101 (Jun 2024)
INFO: Fetching https://www.uscis.gov/green-card/green-card-processes-and-procedures/visa-availability-priority-dates/when-to-file-your-adjustment-of-status-application-for-family-sponsored-or-employment-based-100
INFO: Collected 13/48 from page 100 (May 2024)
INFO: Fetching https://www.uscis.gov/green-card/green-card-processes-and-procedures/visa-availability-priority-dates/when-to-file-your-adjustment-of-status-application-for-family-sponsored-or-employment-based-99
INFO: Collected 14/48 from page 99 (Apr 2024)
INFO: Fetching https://www.uscis.gov/green-card/green-card-processes-and-procedures/visa-availability-priority-dates/when-to-file-your-adjustment-of-status-application-for-family-sponsored-or-employment-based-98
INFO: Collected 15/48 from page 98 (Mar 2024)
INFO: Fetching https://www.uscis.gov/green-card/green-card-processes-and-procedures/visa-availability-priority-dates/when-to-file-your-adjustment-of-status-application-for-family-sponsored-or-employment-based-97
WARNING: Skipping page 97: Could not locate the Employment-Based final action table.
INFO: Fetching https://www.uscis.gov/green-card/green-card-processes-and-procedures/visa-availability-priority-dates/when-to-file-your-adjustment-of-status-application-for-family-sponsored-or-employment-based-96
WARNING: Skipping page 96: Could not locate the Employment-Based final action table.
INFO: Fetching https://www.uscis.gov/green-card/green-card-processes-and-procedures/visa-availability-priority-dates/when-to-file-your-adjustment-of-status-application-for-family-sponsored-or-employment-based-95
WARNING: Skipping page 95: Could not locate the Employment-Based final action table.
INFO: Fetching https://www.uscis.gov/green-card/green-card-processes-and-procedures/visa-availability-priority-dates/when-to-file-your-adjustment-of-status-application-for-family-sponsored-or-employment-based-94
WARNING: Skipping page 94: Could not locate the Employment-Based final action table.
INFO: Fetching https://www.uscis.gov/green-card/green-card-processes-and-procedures/visa-availability-priority-dates/when-to-file-your-adjustment-of-status-application-for-family-sponsored-or-employment-based-93
WARNING: Skipping page 93: Could not locate the Employment-Based final action table.
INFO: Fetching https://www.uscis.gov/green-card/green-card-processes-and-procedures/visa-availability-priority-dates/when-to-file-your-adjustment-of-status-application-for-family-sponsored-or-employment-based-92
INFO: Collected 16/48 from page 92 (Sep 2023)
INFO: Fetching https://www.uscis.gov/green-card/green-card-processes-and-procedures/visa-availability-priority-dates/when-to-file-your-adjustment-of-status-application-for-family-sponsored-or-employment-based-91
INFO: Collected 17/48 from page 91 (Aug 2023)
INFO: Fetching https://www.uscis.gov/green-card/green-card-processes-and-procedures/visa-availability-priority-dates/when-to-file-your-adjustment-of-status-application-for-family-sponsored-or-employment-based-90
INFO: Collected 18/48 from page 90 (Jul 2023)
INFO: Fetching https://www.uscis.gov/green-card/green-card-processes-and-procedures/visa-availability-priority-dates/when-to-file-your-adjustment-of-status-application-for-family-sponsored-or-employment-based-89
INFO: Collected 19/48 from page 89 (Jun 2023)
INFO: Fetching https://www.uscis.gov/green-card/green-card-processes-and-procedures/visa-availability-priority-dates/when-to-file-your-adjustment-of-status-application-for-family-sponsored-or-employment-based-88
INFO: Collected 20/48 from page 88 (May 2023)
INFO: Fetching https://www.uscis.gov/green-card/green-card-processes-and-procedures/visa-availability-priority-dates/when-to-file-your-adjustment-of-status-application-for-family-sponsored-or-employment-based-87
INFO: Collected 21/48 from page 87 (Apr 2023)
INFO: Fetching https://www.uscis.gov/green-card/green-card-processes-and-procedures/visa-availability-priority-dates/when-to-file-your-adjustment-of-status-application-for-family-sponsored-or-employment-based-86
WARNING: Skipping page 86: Could not locate the Employment-Based final action table.
INFO: Fetching https://www.uscis.gov/green-card/green-card-processes-and-procedures/visa-availability-priority-dates/when-to-file-your-adjustment-of-status-application-for-family-sponsored-or-employment-based-85
WARNING: Skipping page 85: Could not locate the Employment-Based final action table.
INFO: Fetching https://www.uscis.gov/green-card/green-card-processes-and-procedures/visa-availability-priority-dates/when-to-file-your-adjustment-of-status-application-for-family-sponsored-or-employment-based-84
WARNING: Skipping page 84: Could not locate the Employment-Based final action table.
INFO: Fetching https://www.uscis.gov/green-card/green-card-processes-and-procedures/visa-availability-priority-dates/when-to-file-your-adjustment-of-status-application-for-family-sponsored-or-employment-based-83
WARNING: Skipping page 83: Could not locate the Employment-Based final action table.
INFO: Fetching https://www.uscis.gov/green-card/green-card-processes-and-procedures/visa-availability-priority-dates/when-to-file-your-adjustment-of-status-application-for-family-sponsored-or-employment-based-82
WARNING: Skipping page 82: Could not locate the Employment-Based final action table.
INFO: Fetching https://www.uscis.gov/green-card/green-card-processes-and-procedures/visa-availability-priority-dates/when-to-file-your-adjustment-of-status-application-for-family-sponsored-or-employment-based-81
WARNING: Skipping page 81: Could not locate the Employment-Based final action table.
INFO: Fetching https://www.uscis.gov/green-card/green-card-processes-and-procedures/visa-availability-priority-dates/when-to-file-your-adjustment-of-status-application-for-family-sponsored-or-employment-based-80
INFO: Collected 22/48 from page 80 (Sep 2022)
INFO: Fetching https://www.uscis.gov/green-card/green-card-processes-and-procedures/visa-availability-priority-dates/when-to-file-your-adjustment-of-status-application-for-family-sponsored-or-employment-based-79
INFO: Collected 23/48 from page 79 (Aug 2022)
INFO: Fetching https://www.uscis.gov/green-card/green-card-processes-and-procedures/visa-availability-priority-dates/when-to-file-your-adjustment-of-status-application-for-family-sponsored-or-employment-based-78
INFO: Collected 24/48 from page 78 (Jul 2022)
INFO: Fetching https://www.uscis.gov/green-card/green-card-processes-and-procedures/visa-availability-priority-dates/when-to-file-your-adjustment-of-status-application-for-family-sponsored-or-employment-based-77
INFO: Collected 25/48 from page 77 (Jun 2022)
INFO: Fetching https://www.uscis.gov/green-card/green-card-processes-and-procedures/visa-availability-priority-dates/when-to-file-your-adjustment-of-status-application-for-family-sponsored-or-employment-based-76
WARNING: Skipping page 76: Could not locate the Employment-Based final action table.
INFO: Fetching https://www.uscis.gov/green-card/green-card-processes-and-procedures/visa-availability-priority-dates/when-to-file-your-adjustment-of-status-application-for-family-sponsored-or-employment-based-75
WARNING: Skipping page 75: Could not locate the Employment-Based final action table.
INFO: Fetching https://www.uscis.gov/green-card/green-card-processes-and-procedures/visa-availability-priority-dates/when-to-file-your-adjustment-of-status-application-for-family-sponsored-or-employment-based-74
WARNING: Skipping page 74: Could not locate the Employment-Based final action table.
INFO: Fetching https://www.uscis.gov/green-card/green-card-processes-and-procedures/visa-availability-priority-dates/when-to-file-your-adjustment-of-status-application-for-family-sponsored-or-employment-based-73
WARNING: Skipping page 73: Could not locate the Employment-Based final action table.
INFO: Fetching https://www.uscis.gov/green-card/green-card-processes-and-procedures/visa-availability-priority-dates/when-to-file-your-adjustment-of-status-application-for-family-sponsored-or-employment-based-72
WARNING: Skipping page 72: Could not locate the Employment-Based final action table.
INFO: Fetching https://www.uscis.gov/green-card/green-card-processes-and-procedures/visa-availability-priority-dates/when-to-file-your-adjustment-of-status-application-for-family-sponsored-or-employment-based-71
WARNING: Skipping page 71: Could not locate the Employment-Based final action table.
INFO: Fetching https://www.uscis.gov/green-card/green-card-processes-and-procedures/visa-availability-priority-dates/when-to-file-your-adjustment-of-status-application-for-family-sponsored-or-employment-based-70
WARNING: Skipping page 70: Could not locate the Employment-Based final action table.
INFO: Fetching https://www.uscis.gov/green-card/green-card-processes-and-procedures/visa-availability-priority-dates/when-to-file-your-adjustment-of-status-application-for-family-sponsored-or-employment-based-69
WARNING: Skipping page 69: Could not locate the Employment-Based final action table.
INFO: Fetching https://www.uscis.gov/green-card/green-card-processes-and-procedures/visa-availability-priority-dates/when-to-file-your-adjustment-of-status-application-for-family-sponsored-or-employment-based-68
WARNING: Skipping page 68: Could not locate the Employment-Based final action table.
INFO: Fetching https://www.uscis.gov/green-card/green-card-processes-and-procedures/visa-availability-priority-dates/when-to-file-your-adjustment-of-status-application-for-family-sponsored-or-employment-based-67
WARNING: Skipping page 67: Could not locate the Employment-Based final action table.
INFO: Fetching https://www.uscis.gov/green-card/green-card-processes-and-procedures/visa-availability-priority-dates/when-to-file-your-adjustment-of-status-application-for-family-sponsored-or-employment-based-66
WARNING: Skipping page 66: Could not locate the Employment-Based final action table.
INFO: Fetching https://www.uscis.gov/green-card/green-card-processes-and-procedures/visa-availability-priority-dates/when-to-file-your-adjustment-of-status-application-for-family-sponsored-or-employment-based-65
WARNING: Skipping page 65: Could not locate the Employment-Based final action table.
INFO: Fetching https://www.uscis.gov/green-card/green-card-processes-and-procedures/visa-availability-priority-dates/when-to-file-your-adjustment-of-status-application-for-family-sponsored-or-employment-based-64
WARNING: Skipping page 64: Could not locate the Employment-Based final action table.
INFO: Fetching https://www.uscis.gov/green-card/green-card-processes-and-procedures/visa-availability-priority-dates/when-to-file-your-adjustment-of-status-application-for-family-sponsored-or-employment-based-63
WARNING: Skipping page 63: Could not locate the Employment-Based final action table.
INFO: Fetching https://www.uscis.gov/green-card/green-card-processes-and-procedures/visa-availability-priority-dates/when-to-file-your-adjustment-of-status-application-for-family-sponsored-or-employment-based-62
WARNING: Skipping page 62: Could not locate the Employment-Based final action table.
INFO: Fetching https://www.uscis.gov/green-card/green-card-processes-and-procedures/visa-availability-priority-dates/when-to-file-your-adjustment-of-status-application-for-family-sponsored-or-employment-based-61
WARNING: Skipping page 61: Could not locate the Employment-Based final action table.
Traceback (most recent call last):
  File "<frozen runpy>", line 198, in _run_module_as_main
  File "<frozen runpy>", line 88, in _run_code
  File "/Users/zohair/Projects/green-card-priority-date-chart/src/scrape_backlog.py", line 295, in <module>
    main()
  File "/Users/zohair/Projects/green-card-priority-date-chart/src/scrape_backlog.py", line 266, in main
    records = collect_records()
              ^^^^^^^^^^^^^^^^^
  File "/Users/zohair/Projects/green-card-priority-date-chart/src/scrape_backlog.py", line 211, in collect_records
    time.sleep(REQUEST_DELAY_SECONDS)
KeyboardInterrupt
